2024-03-12 21:13:28,957 INFO o.a.j.u.JMeterUtils: Setting Locale to en_EN
2024-03-12 21:13:28,988 INFO o.a.j.JMeter: Loading user properties from: C:\Users\ASUS\Downloads\apache-jmeter-5.6.3\apache-jmeter-5.6.3\bin\user.properties
2024-03-12 21:13:28,989 INFO o.a.j.JMeter: Loading system properties from: C:\Users\ASUS\Downloads\apache-jmeter-5.6.3\apache-jmeter-5.6.3\bin\system.properties
2024-03-12 21:13:28,997 INFO o.a.j.JMeter: Copyright (c) 1998-2024 The Apache Software Foundation
2024-03-12 21:13:28,997 INFO o.a.j.JMeter: Version 5.6.3
2024-03-12 21:13:28,997 INFO o.a.j.JMeter: java.version=21.0.1
2024-03-12 21:13:28,998 INFO o.a.j.JMeter: java.vm.name=Java HotSpot(TM) 64-Bit Server VM
2024-03-12 21:13:28,998 INFO o.a.j.JMeter: os.name=Windows 11
2024-03-12 21:13:28,998 INFO o.a.j.JMeter: os.arch=amd64
2024-03-12 21:13:28,998 INFO o.a.j.JMeter: os.version=10.0
2024-03-12 21:13:28,998 INFO o.a.j.JMeter: file.encoding=UTF-8
2024-03-12 21:13:28,998 INFO o.a.j.JMeter: java.awt.headless=true
2024-03-12 21:13:28,998 INFO o.a.j.JMeter: Max memory     =1073741824
2024-03-12 21:13:28,998 INFO o.a.j.JMeter: Available Processors =8
2024-03-12 21:13:29,012 INFO o.a.j.JMeter: Default Locale=English (EN)
2024-03-12 21:13:29,013 INFO o.a.j.JMeter: JMeter  Locale=English (EN)
2024-03-12 21:13:29,013 INFO o.a.j.JMeter: JMeterHome=C:\Users\ASUS\Downloads\apache-jmeter-5.6.3\apache-jmeter-5.6.3
2024-03-12 21:13:29,013 INFO o.a.j.JMeter: user.dir  =C:\Users\ASUS\Documents\Term 4\Adpro\exercise-profiling
2024-03-12 21:13:29,013 INFO o.a.j.JMeter: PWD       =C:\Users\ASUS\Documents\Term 4\Adpro\exercise-profiling
2024-03-12 21:13:29,016 INFO o.a.j.JMeter: IP: 192.168.0.110 Name: DESKTOP-SCUMPA2 FullName: DESKTOP-SCUMPA2
2024-03-12 21:13:29,040 ERROR o.a.j.JMeter: An error occurred: 
org.apache.jmeter.report.config.ConfigurationException: The file C:\Users\ASUS\Documents\Term 4\Adpro\exercise-profiling\test_plan_1.jmx doesn't exist or can't be opened
	at org.apache.jmeter.JMeter.runNonGui(JMeter.java:950) ~[ApacheJMeter_core.jar:5.6.3]
	at org.apache.jmeter.JMeter.startNonGui(JMeter.java:940) ~[ApacheJMeter_core.jar:5.6.3]
	at org.apache.jmeter.JMeter.start(JMeter.java:508) [ApacheJMeter_core.jar:5.6.3]
	at java.base/jdk.internal.reflect.DirectMethodHandleAccessor.invoke(DirectMethodHandleAccessor.java:103) ~[?:?]
	at java.base/java.lang.reflect.Method.invoke(Method.java:580) ~[?:?]
	at org.apache.jmeter.NewDriver.main(NewDriver.java:259) [ApacheJMeter.jar:5.6.3]
